This is pdfTeX, Version 3.14159265-2.6-1.40.17 (TeX Live 2016/Debian) (preloaded format=pdflatex 2018.10.30)  15 JAN 2019 15:03
entering extended mode
 restricted \write18 enabled.
 %&-line parsing enabled.
**vamps
(./vamps.tex
LaTeX2e <2017/01/01> patch level 3
Babel <3.9r> and hyphenation patterns for 5 language(s) loaded.
(/usr/share/texlive/texmf-dist/tex/latex/base/book.cls
Document Class: book 2014/09/29 v1.4h Standard LaTeX document class
(/usr/share/texlive/texmf-dist/tex/latex/base/bk11.clo
File: bk11.clo 2014/09/29 v1.4h Standard LaTeX file (size option)
)
\c@part=\count79
\c@chapter=\count80
\c@section=\count81
\c@subsection=\count82
\c@subsubsection=\count83
\c@paragraph=\count84
\c@subparagraph=\count85
\c@figure=\count86
\c@table=\count87
\abovecaptionskip=\skip41
\belowcaptionskip=\skip42
\bibindent=\dimen102
)
(/usr/share/texlive/texmf-dist/tex/latex/psnfss/times.sty
Package: times 2005/04/12 PSNFSS-v9.2a (SPQR) 
)
(/usr/share/texlive/texmf-dist/tex/latex/harvard/harvard.sty
Package: harvard 

(/usr/share/texlive/texmf-dist/tex/latex/base/ifthen.sty
Package: ifthen 2014/09/29 v1.1c Standard LaTeX ifthen package (DPC)
))
(/usr/share/texlive/texmf-dist/tex/latex/ntgclass/a4.sty
Package: a4 2004/04/15 v1.2g A4 based page layout
)
(/usr/share/texlive/texmf-dist/tex/latex/float/float.sty
Package: float 2001/11/08 v1.3d Float enhancements (AL)
\c@float@type=\count88
\float@exts=\toks14
\float@box=\box26
\@float@everytoks=\toks15
\@floatcapt=\box27
)
(/usr/share/texlive/texmf-dist/tex/latex/graphics/graphicx.sty
Package: graphicx 2014/10/28 v1.0g Enhanced LaTeX Graphics (DPC,SPQR)

(/usr/share/texlive/texmf-dist/tex/latex/graphics/keyval.sty
Package: keyval 2014/10/28 v1.15 key=value parser (DPC)
\KV@toks@=\toks16
)
(/usr/share/texlive/texmf-dist/tex/latex/graphics/graphics.sty
Package: graphics 2016/10/09 v1.0u Standard LaTeX Graphics (DPC,SPQR)

(/usr/share/texlive/texmf-dist/tex/latex/graphics/trig.sty
Package: trig 2016/01/03 v1.10 sin cos tan (DPC)
)
(/usr/share/texlive/texmf-dist/tex/latex/graphics-cfg/graphics.cfg
File: graphics.cfg 2016/06/04 v1.11 sample graphics configuration
)
Package graphics Info: Driver file: pdftex.def on input line 99.

(/usr/share/texlive/texmf-dist/tex/latex/graphics-def/pdftex.def
File: pdftex.def 2017/01/12 v0.06k Graphics/color for pdfTeX

(/usr/share/texlive/texmf-dist/tex/generic/oberdiek/infwarerr.sty
Package: infwarerr 2016/05/16 v1.4 Providing info/warning/error messages (HO)
)
(/usr/share/texlive/texmf-dist/tex/generic/oberdiek/ltxcmds.sty
Package: ltxcmds 2016/05/16 v1.23 LaTeX kernel commands for general use (HO)
)
\Gread@gobject=\count89
))
\Gin@req@height=\dimen103
\Gin@req@width=\dimen104
)
(/usr/share/texlive/texmf-dist/tex/latex/base/makeidx.sty
Package: makeidx 2014/09/29 v1.0m Standard LaTeX package
)
(/usr/share/texlive/texmf-dist/tex/latex/tools/multicol.sty
Package: multicol 2016/04/07 v1.8p multicolumn formatting (FMi)
\c@tracingmulticols=\count90
\mult@box=\box28
\multicol@leftmargin=\dimen105
\c@unbalance=\count91
\c@collectmore=\count92
\doublecol@number=\count93
\multicoltolerance=\count94
\multicolpretolerance=\count95
\full@width=\dimen106
\page@free=\dimen107
\premulticols=\dimen108
\postmulticols=\dimen109
\multicolsep=\skip43
\multicolbaselineskip=\skip44
\partial@page=\box29
\last@line=\box30
\maxbalancingoverflow=\dimen110
\mult@rightbox=\box31
\mult@grightbox=\box32
\mult@gfirstbox=\box33
\mult@firstbox=\box34
\@tempa=\box35
\@tempa=\box36
\@tempa=\box37
\@tempa=\box38
\@tempa=\box39
\@tempa=\box40
\@tempa=\box41
\@tempa=\box42
\@tempa=\box43
\@tempa=\box44
\@tempa=\box45
\@tempa=\box46
\@tempa=\box47
\@tempa=\box48
\@tempa=\box49
\@tempa=\box50
\@tempa=\box51
\c@columnbadness=\count96
\c@finalcolumnbadness=\count97
\last@try=\dimen111
\multicolovershoot=\dimen112
\multicolundershoot=\dimen113
\mult@nat@firstbox=\box52
\colbreak@box=\box53
\mc@col@check@num=\count98
)
(/usr/share/texlive/texmf-dist/tex/latex/fancyhdr/fancyheadings.sty
Package: fancyheadings 2008/02/04 1.99 Dummy package to call fancyhdr


Package fancyheadings Warning: Please stop using fancyheadings!
(fancyheadings)                Use fancyhdr instead.
(fancyheadings)                We will call fancyhdr with the very same
(fancyheadings)                options you passed to fancyheadings.
(fancyheadings)                
(fancyheadings)                fancyhdr is 99 percent compatible with
(fancyheadings)                fancyheadings. The only incompatibility is
(fancyheadings)                that \headrulewidth and \footrulewidth and
(fancyheadings)                their \plain... versions are no longer length
(fancyheadings)                parameters, but normal macros (to be changed
(fancyheadings)                with \renewcommand rather than \setlength)..

(/usr/share/texlive/texmf-dist/tex/latex/fancyhdr/fancyhdr.sty
Package: fancyhdr 2016/09/06 3.8 Extensive control of page headers and footers
\fancy@headwidth=\skip45
\f@ncyO@elh=\skip46
\f@ncyO@erh=\skip47
\f@ncyO@olh=\skip48
\f@ncyO@orh=\skip49
\f@ncyO@elf=\skip50
\f@ncyO@erf=\skip51
\f@ncyO@olf=\skip52
\f@ncyO@orf=\skip53
))
\@float@every@Example=\toks17
\c@Example=\count99
\@indexfile=\write3
\openout3 = `vamps.idx'.


Writing index file vamps.idx
(./vamps.aux (./modeldes.aux) (./userg.aux) (./casestud.aux))
\openout1 = `vamps.aux'.

LaTeX Font Info:    Checking defaults for OML/cmm/m/it on input line 85.
LaTeX Font Info:    ... okay on input line 85.
LaTeX Font Info:    Checking defaults for T1/cmr/m/n on input line 85.
LaTeX Font Info:    ... okay on input line 85.
LaTeX Font Info:    Checking defaults for OT1/cmr/m/n on input line 85.
LaTeX Font Info:    ... okay on input line 85.
LaTeX Font Info:    Checking defaults for OMS/cmsy/m/n on input line 85.
LaTeX Font Info:    ... okay on input line 85.
LaTeX Font Info:    Checking defaults for OMX/cmex/m/n on input line 85.
LaTeX Font Info:    ... okay on input line 85.
LaTeX Font Info:    Checking defaults for U/cmr/m/n on input line 85.
LaTeX Font Info:    ... okay on input line 85.
LaTeX Font Info:    Try loading font information for OT1+ptm on input line 85.

(/usr/share/texlive/texmf-dist/tex/latex/psnfss/ot1ptm.fd
File: ot1ptm.fd 2001/06/04 font definitions for OT1/ptm.
)
(/usr/share/texlive/texmf-dist/tex/context/base/mkii/supp-pdf.mkii
[Loading MPS to PDF converter (version 2006.09.02).]
\scratchcounter=\count100
\scratchdimen=\dimen114
\scratchbox=\box54
\nofMPsegments=\count101
\nofMParguments=\count102
\everyMPshowfont=\toks18
\MPscratchCnt=\count103
\MPscratchDim=\dimen115
\MPnumerator=\count104
\makeMPintoPDFobject=\count105
\everyMPtoPDFconversion=\toks19
) (/usr/share/texlive/texmf-dist/tex/generic/oberdiek/pdftexcmds.sty
Package: pdftexcmds 2016/05/21 v0.22 Utility functions of pdfTeX for LuaTeX (HO
)

(/usr/share/texlive/texmf-dist/tex/generic/oberdiek/ifluatex.sty
Package: ifluatex 2016/05/16 v1.4 Provides the ifluatex switch (HO)
Package ifluatex Info: LuaTeX not detected.
)
(/usr/share/texlive/texmf-dist/tex/generic/oberdiek/ifpdf.sty
Package: ifpdf 2016/05/14 v3.1 Provides the ifpdf switch
)
Package pdftexcmds Info: LuaTeX not detected.
Package pdftexcmds Info: \pdf@primitive is available.
Package pdftexcmds Info: \pdf@ifprimitive is available.
Package pdftexcmds Info: \pdfdraftmode found.
)
(/usr/share/texlive/texmf-dist/tex/latex/oberdiek/epstopdf-base.sty
Package: epstopdf-base 2016/05/15 v2.6 Base part for package epstopdf

(/usr/share/texlive/texmf-dist/tex/latex/oberdiek/grfext.sty
Package: grfext 2016/05/16 v1.2 Manage graphics extensions (HO)

(/usr/share/texlive/texmf-dist/tex/generic/oberdiek/kvdefinekeys.sty
Package: kvdefinekeys 2016/05/16 v1.4 Define keys (HO)
))
(/usr/share/texlive/texmf-dist/tex/latex/oberdiek/kvoptions.sty
Package: kvoptions 2016/05/16 v3.12 Key value format for package options (HO)

(/usr/share/texlive/texmf-dist/tex/generic/oberdiek/kvsetkeys.sty
Package: kvsetkeys 2016/05/16 v1.17 Key value parser (HO)

(/usr/share/texlive/texmf-dist/tex/generic/oberdiek/etexcmds.sty
Package: etexcmds 2016/05/16 v1.6 Avoid name clashes with e-TeX commands (HO)
Package etexcmds Info: Could not find \expanded.
(etexcmds)             That can mean that you are not using pdfTeX 1.50 or
(etexcmds)             that some package has redefined \expanded.
(etexcmds)             In the latter case, load this package earlier.
)))
Package epstopdf-base Info: Redefining graphics rule for `.eps' on input line 4
38.
Package grfext Info: Graphics extension search list:
(grfext)             [.png,.pdf,.jpg,.mps,.jpeg,.jbig2,.jb2,.PNG,.PDF,.JPG,.JPE
G,.JBIG2,.JB2,.eps]
(grfext)             \AppendGraphicsExtensions on input line 456.

(/usr/share/texlive/texmf-dist/tex/latex/latexconfig/epstopdf-sys.cfg
File: epstopdf-sys.cfg 2010/07/13 v1.3 Configuration of (r)epstopdf for TeX Liv
e
))
LaTeX Font Info:    Try loading font information for OT1+phv on input line 87.

(/usr/share/texlive/texmf-dist/tex/latex/psnfss/ot1phv.fd
File: ot1phv.fd 2001/06/04 scalable font definitions for OT1/phv.
)
LaTeX Font Info:    External font `cmex10' loaded for size
(Font)              <12> on input line 87.
LaTeX Font Info:    External font `cmex10' loaded for size
(Font)              <8> on input line 87.
LaTeX Font Info:    External font `cmex10' loaded for size
(Font)              <6> on input line 87.
LaTeX Font Info:    Try loading font information for OT1+pcr on input line 87.

(/usr/share/texlive/texmf-dist/tex/latex/psnfss/ot1pcr.fd
File: ot1pcr.fd 2001/06/04 font definitions for OT1/pcr.
) [1


{/var/lib/texmf/fonts/map/pdftex/updmap/pdftex.map}]
Overfull \hbox (44.19623pt too wide) in paragraph at lines 138--138
[]\OT1/pcr/m/n/10 /* Copyright   (C)   1996 Jaap Schellekens.     This   progra
m is free[] 
 []


Overfull \hbox (44.19623pt too wide) in paragraph at lines 138--138
[] \OT1/pcr/m/n/10 * software; you can redistribute it and/or modify  it under 
the terms[] 
 []


Overfull \hbox (44.19623pt too wide) in paragraph at lines 138--138
[] \OT1/pcr/m/n/10 * of the GNU General Public License as published by the Free
 Software[] 
 []


Overfull \hbox (44.19623pt too wide) in paragraph at lines 138--138
[] \OT1/pcr/m/n/10 * Foundation;   either version  2,  or   (at your  option) a
ny  later[] 
 []


Overfull \hbox (44.19623pt too wide) in paragraph at lines 138--138
[] \OT1/pcr/m/n/10 * version.  This program  is distributed in  the hope that i
t will be[] 
 []


Overfull \hbox (44.19623pt too wide) in paragraph at lines 138--138
[] \OT1/pcr/m/n/10 * useful, but WITHOUT ANY WARRANTY; without even the implied
 warranty[] 
 []


Overfull \hbox (44.19623pt too wide) in paragraph at lines 138--138
[] \OT1/pcr/m/n/10 * of MERCHANTABILITY or FITNESS  FOR  A PARTICULAR PURPOSE. 
 See  the[] 
 []


Overfull \hbox (44.19623pt too wide) in paragraph at lines 138--138
[] \OT1/pcr/m/n/10 * GNU General   Public License  for more  details.    You sh
ould have[] 
 []


Overfull \hbox (44.19623pt too wide) in paragraph at lines 138--138
[] \OT1/pcr/m/n/10 * received a  copy of the GNU  General Public License along 
with this[] 
 []


Overfull \hbox (44.19623pt too wide) in paragraph at lines 138--138
[] \OT1/pcr/m/n/10 * program; see the file COPYING.  If not,  write to the Free
 Software[] 
 []


Overfull \hbox (14.19623pt too wide) in paragraph at lines 138--138
[] \OT1/pcr/m/n/10 * Parts of this program with permission derived from swap/sw
atr.[] 
 []


Overfull \hbox (26.19623pt too wide) in paragraph at lines 138--138
[] \OT1/pcr/m/n/10 *      researchers at the Winand Staring Centre and the Wage
ningen[] 
 []


Overfull \hbox (32.19623pt too wide) in paragraph at lines 138--138
[] \OT1/pcr/m/n/10 *      Agricultural University. Currently the program is mai
ntained[] 
 []


Overfull \hbox (26.19623pt too wide) in paragraph at lines 138--138
[] \OT1/pcr/m/n/10 *      Dept. of Agrohydrology             Dept. of Water Res
ources[] 
 []


Overfull \hbox (20.19623pt too wide) in paragraph at lines 138--138
[] \OT1/pcr/m/n/10 *      Winand Staring Centre              Wageningen Agricul
tural[] 
 []


Overfull \hbox (38.19623pt too wide) in paragraph at lines 138--138
[] \OT1/pcr/m/n/10 *      Feedback from the users of the program is highly appr
eciated.[] 
 []


Overfull \hbox (50.19623pt too wide) in paragraph at lines 138--138
[] \OT1/pcr/m/n/10 *      The user of SWAP 1993 accepts and uses the program as
 it is, at[] 
 []


Overfull \hbox (8.19623pt too wide) in paragraph at lines 138--138
[] \OT1/pcr/m/n/10 *      inspection of the program material without reliance u
pon[] 
 []


Overfull \hbox (44.19623pt too wide) in paragraph at lines 138--138
[] \OT1/pcr/m/n/10 *      In no event will the Winand Staring Centre or the Agr
icultural[] 
 []


Overfull \hbox (8.19623pt too wide) in paragraph at lines 138--138
[] \OT1/pcr/m/n/10 *      University, or their individual staff members, be lia
ble[] 
 []


Overfull \hbox (26.19623pt too wide) in paragraph at lines 138--138
[] \OT1/pcr/m/n/10 * Some functionality of Vamps is derived from slash by R. Ve
nneker[] 
 []

LaTeX Font Info:    External font `cmex10' loaded for size
(Font)              <10.95> on input line 140.
[2]
LaTeX Font Info:    Font shape `OT1/ptm/bx/n' in size <24.88> not available
(Font)              Font shape `OT1/ptm/b/n' tried instead on input line 146.
 (./vamps.toc
LaTeX Font Info:    Font shape `OT1/ptm/bx/n' in size <10.95> not available
(Font)              Font shape `OT1/ptm/b/n' tried instead on input line 1.
LaTeX Font Info:    Font shape `OT1/ptm/bx/n' in size <12> not available
(Font)              Font shape `OT1/ptm/b/n' tried instead on input line 2.
 [3

]
LaTeX Font Info:    Font shape `OT1/ptm/bx/it' in size <10.95> not available
(Font)              Font shape `OT1/ptm/b/it' tried instead on input line 68.
)
\tf@toc=\write4
\openout4 = `vamps.toc'.

 [4] (./vamps.lof)
\tf@lof=\write5
\openout5 = `vamps.lof'.

 [5

] [6

] (./vamps.lot)
\tf@lot=\write6
\openout6 = `vamps.lot'.

 [7] [8

]
(./vamps.lop)
\tf@lop=\write7
\openout7 = `vamps.lop'.

 [9] [10

]
Chapter 1.
LaTeX Font Info:    Font shape `OT1/ptm/bx/n' in size <20.74> not available
(Font)              Font shape `OT1/ptm/b/n' tried instead on input line 152.
LaTeX Font Info:    External font `cmex10' loaded for size
(Font)              <9> on input line 172.
LaTeX Font Info:    External font `cmex10' loaded for size
(Font)              <5> on input line 172.
LaTeX Font Info:    Try loading font information for OMS+ptm on input line 197.

(/usr/share/texlive/texmf-dist/tex/latex/psnfss/omsptm.fd
File: omsptm.fd 
)
LaTeX Font Info:    Font shape `OMS/ptm/m/n' in size <10.95> not available
(Font)              Font shape `OMS/cmsy/m/n' tried instead on input line 197.
LaTeX Font Info:    Font shape `OT1/ptm/bx/n' in size <14.4> not available
(Font)              Font shape `OT1/ptm/b/n' tried instead on input line 220.
Package epstopdf Info: Source file: <psfig/fcycle.eps>
(epstopdf)                    date: 2017-11-13 21:30:15
(epstopdf)                    size: 104510 bytes
(epstopdf)             Output file: <psfig/fcycle-eps-converted-to.pdf>
(epstopdf)                    date: 2019-01-15 15:03:26
(epstopdf)                    size: 2339 bytes
(epstopdf)             Command: <repstopdf --outfile=psfig/fcycle-eps-converted
-to.pdf psfig/fcycle.eps>
(epstopdf)             \includegraphics on input line 238.
Package epstopdf Info: Output file is already uptodate.


pdfTeX warning: pdflatex (file ./psfig/fcycle-eps-converted-to.pdf): PDF inclus
ion: found PDF version <1.7>, but at most version <1.5> allowed
<psfig/fcycle-eps-converted-to.pdf, id=43, 486.81876pt x 737.75626pt>
File: psfig/fcycle-eps-converted-to.pdf Graphic file (type pdf)

<use psfig/fcycle-eps-converted-to.pdf>
Package pdftex.def Info: psfig/fcycle-eps-converted-to.pdf used on input line 2
38.
(pdftex.def)             Requested size: 486.81757pt x 737.75446pt.


LaTeX Warning: Float too large for page by 140.72476pt on input line 242.

Package epstopdf Info: Source file: <psfig/vflow.eps>
(epstopdf)                    date: 2017-11-13 21:30:15
(epstopdf)                    size: 16428 bytes
(epstopdf)             Output file: <psfig/vflow-eps-converted-to.pdf>
(epstopdf)                    date: 2019-01-15 15:03:26
(epstopdf)                    size: 7914 bytes
(epstopdf)             Command: <repstopdf --outfile=psfig/vflow-eps-converted-
to.pdf psfig/vflow.eps>
(epstopdf)             \includegraphics on input line 248.
Package epstopdf Info: Output file is already uptodate.


pdfTeX warning: pdflatex (file ./psfig/vflow-eps-converted-to.pdf): PDF inclusi
on: found PDF version <1.7>, but at most version <1.5> allowed
<psfig/vflow-eps-converted-to.pdf, id=44, 475.7775pt x 461.725pt>
File: psfig/vflow-eps-converted-to.pdf Graphic file (type pdf)

<use psfig/vflow-eps-converted-to.pdf>
Package pdftex.def Info: psfig/vflow-eps-converted-to.pdf used on input line 24
8.
(pdftex.def)             Requested size: 475.77632pt x 461.72388pt.
 [11] [12] [13 <./psfig/fcycle-eps-converted-to.pdf>] [14 <./psfig/vflow-eps-co
nverted-to.pdf>]
Underfull \hbox (badness 3323) in paragraph at lines 269--272
[]\OT1/ptm/m/n/10.95 is com-monly de-ter-mined us-ing the Penman-Monteith equa-
tion
 []


Underfull \hbox (badness 1028) in paragraph at lines 285--288
\OT1/ptm/m/n/10.95 The lat-est ver-sion and other in-for-ma-tion is avail-able 
on the Word Wide Web[]
 []

[15]
\openout2 = `modeldes.aux'.

 (./modeldes.tex [16


] [17] [18]
Chapter 2.
[19

] [20]
Chapter 3.
[21

]
Underfull \hbox (badness 10000) in paragraph at lines 114--115

 []


Underfull \hbox (badness 10000) in paragraph at lines 129--130

 []


Underfull \hbox (badness 10000) in paragraph at lines 142--143

 []


Underfull \hbox (badness 10000) in paragraph at lines 154--155

 []

[22]
Underfull \hbox (badness 10000) in paragraph at lines 163--164

 []


Underfull \hbox (badness 10000) in paragraph at lines 177--178

 []


Underfull \hbox (badness 10000) in paragraph at lines 218--218

 []

[23] [24]
Underfull \hbox (badness 10000) in paragraph at lines 319--319

 []

[25]
Underfull \hbox (badness 10000) in paragraph at lines 363--364

 []


Underfull \hbox (badness 10000) in paragraph at lines 378--379

 []


Underfull \hbox (badness 10000) in paragraph at lines 401--402

 []

[26]
Underfull \hbox (badness 10000) in paragraph at lines 452--452

 []

[27]
Overfull \hbox (11.82576pt too wide) in paragraph at lines 506--506
[] \OT1/pcr/m/n/10.95 * Calculation of timestep (dt) depending on theta  change
s[] 
 []

[28] [29]
Underfull \hbox (badness 10000) in paragraph at lines 562--563

 []


Underfull \hbox (badness 10000) in paragraph at lines 575--575

 []


LaTeX Warning: Citation 'campbell1974' on page 30 undefined on input line 610.


Underfull \hbox (badness 10000) in paragraph at lines 625--625

 []

[30]) [31] [32]
\openout2 = `userg.aux'.

 (./userg.tex [33



] [34]
Chapter 4.

Underfull \hbox (badness 5548) in paragraph at lines 39--42
[]\OT1/ptm/m/n/10.95 You will need to have the \OT1/ptm/b/n/10.95 S-Lang \OT1/p
tm/m/n/10.95 li-brary in-stalled if you want to
 []


Underfull \hbox (badness 3138) in paragraph at lines 39--42
\OT1/ptm/m/n/10.95 com-pile the pro-gram from source. The \OT1/ptm/b/n/10.95 S-
Lang \OT1/ptm/m/n/10.95 li-brary can be found at
 []

[35

] [36

]
Chapter 5.
LaTeX Font Info:    Font shape `OT1/ptm/bx/n' in size <9> not available
(Font)              Font shape `OT1/ptm/b/n' tried instead on input line 69.

Underfull \hbox (badness 5637) in paragraph at lines 69--69
[][]\OT1/ptm/m/n/9 Using \OT1/ptm/b/n/9 S-Lang \OT1/ptm/m/n/9 it should be fair
ly easy to write cus-tom postprocess-functions. For
 []


Underfull \hbox (badness 5878) in paragraph at lines 69--69
\OT1/ptm/m/n/9 ex-am-ple the fol-low-ing com-mand gets the vari-able \OT1/pcr/m
/n/9 volact \OT1/ptm/m/n/9 from an out-put file for all
 []


Underfull \hbox (badness 4454) in paragraph at lines 69--69
\OT1/ptm/m/n/9 timesteps and write a two col-umn ascii file that can be read in
to spread-sheet soft-ware:
 []

[37] [38]
Package epstopdf Info: Source file: <psfig/layers.eps>
(epstopdf)                    date: 2017-11-13 21:30:15
(epstopdf)                    size: 19034 bytes
(epstopdf)             Output file: <psfig/layers-eps-converted-to.pdf>
(epstopdf)                    date: 2019-01-15 15:03:27
(epstopdf)                    size: 12680 bytes
(epstopdf)             Command: <repstopdf --outfile=psfig/layers-eps-converted
-to.pdf psfig/layers.eps>
(epstopdf)             \includegraphics on input line 191.
Package epstopdf Info: Output file is already uptodate.


pdfTeX warning: pdflatex (file ./psfig/layers-eps-converted-to.pdf): PDF inclus
ion: found PDF version <1.7>, but at most version <1.5> allowed
<psfig/layers-eps-converted-to.pdf, id=153, 562.1pt x 505.89pt>
File: psfig/layers-eps-converted-to.pdf Graphic file (type pdf)

<use psfig/layers-eps-converted-to.pdf>
Package pdftex.def Info: psfig/layers-eps-converted-to.pdf used on input line 1
91.
(pdftex.def)             Requested size: 562.09863pt x 505.88875pt.
 [39] [40 <./psfig/layers-eps-converted-to.pdf>]
Chapter 6.
[41

]
Underfull \hbox (badness 10000) in paragraph at lines 301--302
[]\OT1/pcr/m/n/10.95 Vamps is running, please
 []

[42] [43] [44]
Package epstopdf Info: Source file: <psfig/soilr.eps>
(epstopdf)                    date: 2017-11-13 21:30:15
(epstopdf)                    size: 32793 bytes
(epstopdf)             Output file: <psfig/soilr-eps-converted-to.pdf>
(epstopdf)                    date: 2019-01-15 15:03:27
(epstopdf)                    size: 9302 bytes
(epstopdf)             Command: <repstopdf --outfile=psfig/soilr-eps-converted-
to.pdf psfig/soilr.eps>
(epstopdf)             \includegraphics on input line 554.
Package epstopdf Info: Output file is already uptodate.


pdfTeX warning: pdflatex (file ./psfig/soilr-eps-converted-to.pdf): PDF inclusi
on: found PDF version <1.7>, but at most version <1.5> allowed
<psfig/soilr-eps-converted-to.pdf, id=182, 460.72125pt x 437.635pt>
File: psfig/soilr-eps-converted-to.pdf Graphic file (type pdf)

<use psfig/soilr-eps-converted-to.pdf>
Package pdftex.def Info: psfig/soilr-eps-converted-to.pdf used on input line 55
4.
(pdftex.def)             Requested size: 460.72012pt x 437.63393pt.

Overfull \hbox (84.91635pt too wide) in paragraph at lines 554--555
[][] 
 []

[45] [46 <./psfig/soilr-eps-converted-to.pdf>] [47] [48]
Overfull \hbox (27.37506pt too wide) in paragraph at lines 762--772
[]
 []

LaTeX Font Info:    Font shape `OT1/ptm/bx/it' in size <12> not available
(Font)              Font shape `OT1/ptm/b/it' tried instead on input line 788.

Underfull \hbox (badness 2197) in paragraph at lines 789--792
\OT1/ptm/m/n/10.95 This sec-tion can have \OT1/ptm/m/it/10.95 any \OT1/ptm/m/n/
10.95 name and con-tains the soil spe-cific info. The
 []

[49]
Overfull \hbox (27.37506pt too wide) in paragraph at lines 796--809
[] 
 []


Underfull \hbox (badness 3302) in paragraph at lines 835--835
[]\OT1/ptm/m/n/10.95 calculates suc-tion head to
 []


Underfull \hbox (badness 10000) in paragraph at lines 835--835
[]\OT1/pcr/m/n/10.95 Float t2h(Int nr, Float
 []


Underfull \hbox (badness 1939) in paragraph at lines 835--835
[]\OT1/ptm/m/n/10.95 calculates mois-ture con-tent
 []

[50]
Overfull \hbox (27.37506pt too wide) in paragraph at lines 895--907
[]
 []

[51] [52]

LaTeX Warning: Reference `fig:ex:gash' on page 53 undefined on input line 1000.



LaTeX Warning: Reference `fig:ex:calder' on page 53 undefined on input line 100
0.

[53] [54

]
Chapter 7.
[55]
Overfull \hbox (5.25577pt too wide) in paragraph at lines 1100--1100
[]\OT1/pcr/m/n/10.95 from: $Id: deffile.c,v 1.23 1996/03/18 09:24:50 schj Exp $
[] 
 []

[56]
Chapter 8.
[57

] [58]
Chapter 9.
(./intrin.tex) (./intrinsl.tex)) [59

]
\openout2 = `casestud.aux'.

 (./casestud.tex [60



] [61] [62]
Chapter 10.
[63

] [64

]
Chapter 11.
LaTeX Font Info:    Font shape `OT1/ptm/bx/it' in size <24.88> not available
(Font)              Font shape `OT1/ptm/b/it' tried instead on input line 34.

LaTeX Warning: Reference `ex:slang1' on page 65 undefined on input line 108.

[65]
Package epstopdf Info: Source file: <psfig/mesmod1.eps>
(epstopdf)                    date: 2017-11-13 21:30:15
(epstopdf)                    size: 127337 bytes
(epstopdf)             Output file: <psfig/mesmod1-eps-converted-to.pdf>
(epstopdf)                    date: 2019-01-15 15:03:27
(epstopdf)                    size: 33785 bytes
(epstopdf)             Command: <repstopdf --outfile=psfig/mesmod1-eps-converte
d-to.pdf psfig/mesmod1.eps>
(epstopdf)             \includegraphics on input line 126.
Package epstopdf Info: Output file is already uptodate.


pdfTeX warning: pdflatex (file ./psfig/mesmod1-eps-converted-to.pdf): PDF inclu
sion: found PDF version <1.7>, but at most version <1.5> allowed
<psfig/mesmod1-eps-converted-to.pdf, id=257, 450.68375pt x 546.04pt>
File: psfig/mesmod1-eps-converted-to.pdf Graphic file (type pdf)

<use psfig/mesmod1-eps-converted-to.pdf>
Package pdftex.def Info: psfig/mesmod1-eps-converted-to.pdf used on input line 
126.
(pdftex.def)             Requested size: 450.68263pt x 546.03867pt.
Package epstopdf Info: Source file: <psfig/mesmod2.eps>
(epstopdf)                    date: 2017-11-13 21:30:15
(epstopdf)                    size: 131463 bytes
(epstopdf)             Output file: <psfig/mesmod2-eps-converted-to.pdf>
(epstopdf)                    date: 2019-01-15 15:03:28
(epstopdf)                    size: 36597 bytes
(epstopdf)             Command: <repstopdf --outfile=psfig/mesmod2-eps-converte
d-to.pdf psfig/mesmod2.eps>
(epstopdf)             \includegraphics on input line 135.
Package epstopdf Info: Output file is already uptodate.


pdfTeX warning: pdflatex (file ./psfig/mesmod2-eps-converted-to.pdf): PDF inclu
sion: found PDF version <1.7>, but at most version <1.5> allowed
<psfig/mesmod2-eps-converted-to.pdf, id=258, 450.68375pt x 546.04pt>
File: psfig/mesmod2-eps-converted-to.pdf Graphic file (type pdf)

<use psfig/mesmod2-eps-converted-to.pdf>
Package pdftex.def Info: psfig/mesmod2-eps-converted-to.pdf used on input line 
135.
(pdftex.def)             Requested size: 450.68263pt x 546.03867pt.
Package epstopdf Info: Source file: <psfig/watbal1.eps>
(epstopdf)                    date: 2017-11-13 21:30:15
(epstopdf)                    size: 90540 bytes
(epstopdf)             Output file: <psfig/watbal1-eps-converted-to.pdf>
(epstopdf)                    date: 2019-01-15 15:03:28
(epstopdf)                    size: 29152 bytes
(epstopdf)             Command: <repstopdf --outfile=psfig/watbal1-eps-converte
d-to.pdf psfig/watbal1.eps>
(epstopdf)             \includegraphics on input line 144.
Package epstopdf Info: Output file is already uptodate.


pdfTeX warning: pdflatex (file ./psfig/watbal1-eps-converted-to.pdf): PDF inclu
sion: found PDF version <1.7>, but at most version <1.5> allowed
<psfig/watbal1-eps-converted-to.pdf, id=259, 448.67625pt x 548.0475pt>
File: psfig/watbal1-eps-converted-to.pdf Graphic file (type pdf)

<use psfig/watbal1-eps-converted-to.pdf>
Package pdftex.def Info: psfig/watbal1-eps-converted-to.pdf used on input line 
144.
(pdftex.def)             Requested size: 448.67516pt x 548.04616pt.
Package epstopdf Info: Source file: <psfig/watbal2.eps>
(epstopdf)                    date: 2017-11-13 21:30:15
(epstopdf)                    size: 130608 bytes
(epstopdf)             Output file: <psfig/watbal2-eps-converted-to.pdf>
(epstopdf)                    date: 2019-01-15 15:03:29
(epstopdf)                    size: 37593 bytes
(epstopdf)             Command: <repstopdf --outfile=psfig/watbal2-eps-converte
d-to.pdf psfig/watbal2.eps>
(epstopdf)             \includegraphics on input line 152.
Package epstopdf Info: Output file is already uptodate.


pdfTeX warning: pdflatex (file ./psfig/watbal2-eps-converted-to.pdf): PDF inclu
sion: found PDF version <1.7>, but at most version <1.5> allowed
<psfig/watbal2-eps-converted-to.pdf, id=260, 424.58624pt x 546.04pt>
File: psfig/watbal2-eps-converted-to.pdf Graphic file (type pdf)

<use psfig/watbal2-eps-converted-to.pdf>
Package pdftex.def Info: psfig/watbal2-eps-converted-to.pdf used on input line 
152.
(pdftex.def)             Requested size: 424.5852pt x 546.03867pt.


Package multicol Warning: I moved some lines to the next page.
(multicol)                Footnotes on page 66 might be wrong on input line 278
.

[66] [67 <./psfig/mesmod1-eps-converted-to.pdf>] [68 <./psfig/mesmod2-eps-conve
rted-to.pdf>] [69 <./psfig/watbal1-eps-converted-to.pdf>] [70 <./psfig/watbal2-
eps-converted-to.pdf>]
Overfull \hbox (36.69756pt too wide) in paragraph at lines 278--278
[]\OT1/pcr/m/n/6 theta_initial = 0.200000 0.210000 0.220000 0.220000 0.265000\[
] 
 []

) [71] (./vamps.bbl [72


] [73] [74]) (./vamps.ind [75] [76

] [77

]) (./vamps.aux
(./modeldes.aux) (./userg.aux) (./casestud.aux))

LaTeX Warning: There were undefined references.

 ) 
Here is how much of TeX's memory you used:
 2548 strings out of 494902
 36793 string characters out of 6179890
 101403 words of memory out of 5000000
 5721 multiletter control sequences out of 15000+600000
 54218 words of font info for 93 fonts, out of 8000000 for 9000
 36 hyphenation exceptions out of 8191
 39i,14n,45p,283b,406s stack positions out of 5000i,500n,10000p,200000b,80000s
{/usr/share/texlive/texmf-dist/fonts/enc/dvips/base/8r.enc}</usr/share/texliv
e/texmf-dist/fonts/type1/public/amsfonts/cm/cmex10.pfb></usr/share/texlive/texm
f-dist/fonts/type1/public/amsfonts/cm/cmmi10.pfb></usr/share/texlive/texmf-dist
/fonts/type1/public/amsfonts/cm/cmmi12.pfb></usr/share/texlive/texmf-dist/fonts
/type1/public/amsfonts/cm/cmmi6.pfb></usr/share/texlive/texmf-dist/fonts/type1/
public/amsfonts/cm/cmmi8.pfb></usr/share/texlive/texmf-dist/fonts/type1/public/
amsfonts/cm/cmmi9.pfb></usr/share/texlive/texmf-dist/fonts/type1/public/amsfont
s/cm/cmr10.pfb></usr/share/texlive/texmf-dist/fonts/type1/public/amsfonts/cm/cm
r6.pfb></usr/share/texlive/texmf-dist/fonts/type1/public/amsfonts/cm/cmr8.pfb><
/usr/share/texlive/texmf-dist/fonts/type1/public/amsfonts/cm/cmsy10.pfb></usr/s
hare/texlive/texmf-dist/fonts/type1/public/amsfonts/cm/cmsy6.pfb></usr/share/te
xlive/texmf-dist/fonts/type1/public/amsfonts/cm/cmsy8.pfb></usr/share/texlive/t
exmf-dist/fonts/type1/urw/courier/ucrr8a.pfb></usr/share/texlive/texmf-dist/fon
ts/type1/urw/helvetic/uhvr8a.pfb></usr/share/texlive/texmf-dist/fonts/type1/urw
/times/utmb8a.pfb></usr/share/texlive/texmf-dist/fonts/type1/urw/times/utmbi8a.
pfb></usr/share/texlive/texmf-dist/fonts/type1/urw/times/utmr8a.pfb></usr/share
/texlive/texmf-dist/fonts/type1/urw/times/utmr8a.pfb></usr/share/texlive/texmf-
dist/fonts/type1/urw/times/utmri8a.pfb>
Output written on vamps.pdf (77 pages, 460292 bytes).
PDF statistics:
 385 PDF objects out of 1000 (max. 8388607)
 266 compressed objects within 3 object streams
 0 named destinations out of 1000 (max. 500000)
 41 words of extra memory for PDF output out of 10000 (max. 10000000)

